Arguments: 
  C:\Program Files\nodejs\node.exe C:\Users\Raihan\AppData\Roaming\npm\node_modules\yarn\bin\yarn.js install --no-lockfile

PATH: 
  C:\Program Files\PowerShell\7;C:\Program Files (x86)\Eziriz\.NET Reactor;C:\Program Files (x86)\Common Files\Oracle\Java\javapath;C:\Program Files (x86)\Intel\iCLS Client\;C:\Program Files\Intel\iCLS Client\;C:\WINDOWS\system32;C:\WINDOWS;C:\WINDOWS\System32\Wbem;C:\WINDOWS\System32\WindowsPowerShell\v1.0\;C:\Program Files (x86)\Intel\OpenCL SDK\2.0\bin\x86;C:\Program Files (x86)\Intel\OpenCL SDK\2.0\bin\x64;C:\Program Files\Intel\Intel(R) Management Engine Components\DAL;C:\Program Files\Intel\Intel(R) Management Engine Components\IPT;C:\Program Files (x86)\Intel\Intel(R) Management Engine Components\DAL;C:\Program Files (x86)\Intel\Intel(R) Management Engine Components\IPT;C:\Android;C:\Windows\System32;C:\Program Files (x86)\Brackets\command;C:\Program Files\PuTTY\;C:\Program Files\Java\jdk1.8.0_281\bin;C:\WINDOWS\System32\OpenSSH\;C:\Program Files\Git\cmd;C:\Users\Raihan\AppData\Roaming\nvm;C:\Program Files\nodejs;C:\Program Files\PowerShell\7\;C:\Program Files\nodejs\;C:\Program Files\MySQL\MySQL Shell 8.0\bin\;C:\Users\Raihan\AppData\Local\Programs\Microsoft VS Code\bin;C:\Users\Raihan\AppData\Local\GitHubDesktop\app-2.6.1\resources\app\git\cmd;C:\Users\Raihan\AppData\Local\GitHubDesktop\bin;C:\Program Files\heroku\bin;C:\Users\Raihan\AppData\Local\Microsoft\WindowsApps;C:\src\flutter\bin;C:\Users\Raihan\AppData\Roaming\nvm;C:\Program Files\nodejs;C:\Users\Raihan\AppData\Roaming\npm

Yarn version: 
  1.22.17

Node version: 
  21.7.3

Platform: 
  win32 x64

Trace: 
  Error: unable to verify the first certificate
      at TLSSocket.onConnectSecure (node:_tls_wrap:1674:34)
      at TLSSocket.emit (node:events:519:28)
      at TLSSocket._finishInit (node:_tls_wrap:1085:8)
      at ssl.onhandshakedone (node:_tls_wrap:871:12)

npm manifest: 
  {
    "name": "book-backend",
    "version": "1.0.0",
    "description": "Book Assignment",
    "main": "index.js",
    "scripts": {
      "start": "ts-node-dev --respawn --transpile-only src/server.ts",
      "lint:check": "eslint --ignore-path .eslintignore --ext .js,.ts .",
      "lint:fix": "eslint . --fix",
      "prettier:check": "prettier --ignore-path .gitignore --write \"**/*.+(js|ts|json)\"",
      "prettier-fix": "prettier --write .",
      "lint-prettier": "yarn lint:check && yarn prettier:check",
      "test": "echo \"Error: no test specified\" && exit 1"
    },
    "author": "Raihan Sharif",
    "license": "ISC",
    "lint-staged": {
      "src/**/*.ts": "yarn lint-prettier"
    },
    "devDependencies": {
      "@types/cors": "^2.8.17",
      "@types/express": "^4.17.21",
      "eslint-config-prettier": "^9.1.0",
      "husky": "^9.0.11",
      "lint-staged": "^15.2.2",
      "prettier": "^3.2.5",
      "typescript": "^5.4.2",
      "winston-daily-rotate-file": "^5.0.0"
    },
    "dependencies": {
      "@types/bcrypt": "^5.0.2",
      "@types/cookie-parser": "^1.4.7",
      "@types/jsonwebtoken": "^9.0.6",
      "@typescript-eslint/eslint-plugin": "^7.2.0",
      "@typescript-eslint/parser": "^7.2.0",
      "bcrypt": "^5.1.1",
      "cookie-parser": "^1.4.6",
      "cors": "^2.8.5",
      "dotenv": "^16.4.5",
      "eslint": "^8.57.0",
      "express": "^4.18.3",
      "http-status": "^1.7.4",
      "jsonwebtoken": "^9.0.2",
      "mongoose": "^8.2.1",
      "ts-node-dev": "^2.0.0",
      "winston": "^3.12.0",
      "zod": "^3.22.4"
    }
  }

yarn manifest: 
  No manifest

Lockfile: 
  No lockfile
